0 info it worked if it ends with ok
1 verbose cli [ '/usr/local/bin/node', '/usr/local/bin/npm', 'run', 'dev' ]
2 info using npm@3.8.3
3 info using node@v5.10.1
4 verbose run-script [ 'predev', 'dev', 'postdev' ]
5 info lifecycle db-pinger@1.0.0~predev: db-pinger@1.0.0
6 silly lifecycle db-pinger@1.0.0~predev: no script for predev, continuing
7 info lifecycle db-pinger@1.0.0~dev: db-pinger@1.0.0
8 verbose lifecycle db-pinger@1.0.0~dev: unsafe-perm in lifecycle true
9 verbose lifecycle db-pinger@1.0.0~dev: PATH: /usr/local/lib/node_modules/npm/bin/node-gyp-bin:/Users/gideonelazar/dev/experiments/db-pinger/node_modules/.bin:/usr/local/bin:/Users/gideonelazar/.rvm/gems/ruby-2.1.2/bin:/Users/gideonelazar/.rvm/gems/ruby-2.1.2@global/bin:/Users/gideonelazar/.rvm/rubies/ruby-2.1.2/bin:/usr/local/bin:/usr/bin:/bin:/usr/sbin:/sbin:/Users/gideonelazar/.rvm/gems/ruby-2.1.2/bin:/Users/gideonelazar/.rvm/gems/ruby-2.1.2@global/bin:/Users/gideonelazar/.rvm/rubies/ruby-2.1.2/bin:/Users/gideonelazar/.rvm/bin:/Users/gideonelazar/.rvm/bin
10 verbose lifecycle db-pinger@1.0.0~dev: CWD: /Users/gideonelazar/dev/experiments/db-pinger
11 silly lifecycle db-pinger@1.0.0~dev: Args: [ '-c',
11 silly lifecycle   'NODE_ENV=development webpack --watch --webpack-dev-server --watch-poll --inline --devtool eval --progress --colors --hot --content-base' ]
12 silly lifecycle db-pinger@1.0.0~dev: Returned: code: 1  signal: null
13 info lifecycle db-pinger@1.0.0~dev: Failed to exec dev script
14 verbose stack Error: db-pinger@1.0.0 dev: `NODE_ENV=development webpack --watch --webpack-dev-server --watch-poll --inline --devtool eval --progress --colors --hot --content-base`
14 verbose stack Exit status 1
14 verbose stack     at EventEmitter.<anonymous> (/usr/local/lib/node_modules/npm/lib/utils/lifecycle.js:239:16)
14 verbose stack     at emitTwo (events.js:100:13)
14 verbose stack     at EventEmitter.emit (events.js:185:7)
14 verbose stack     at ChildProcess.<anonymous> (/usr/local/lib/node_modules/npm/lib/utils/spawn.js:24:14)
14 verbose stack     at emitTwo (events.js:100:13)
14 verbose stack     at ChildProcess.emit (events.js:185:7)
14 verbose stack     at maybeClose (internal/child_process.js:850:16)
14 verbose stack     at Process.ChildProcess._handle.onexit (internal/child_process.js:215:5)
15 verbose pkgid db-pinger@1.0.0
16 verbose cwd /Users/gideonelazar/dev/experiments/db-pinger
17 error Darwin 15.4.0
18 error argv "/usr/local/bin/node" "/usr/local/bin/npm" "run" "dev"
19 error node v5.10.1
20 error npm  v3.8.3
21 error code ELIFECYCLE
22 error db-pinger@1.0.0 dev: `NODE_ENV=development webpack --watch --webpack-dev-server --watch-poll --inline --devtool eval --progress --colors --hot --content-base`
22 error Exit status 1
23 error Failed at the db-pinger@1.0.0 dev script 'NODE_ENV=development webpack --watch --webpack-dev-server --watch-poll --inline --devtool eval --progress --colors --hot --content-base'.
23 error Make sure you have the latest version of node.js and npm installed.
23 error If you do, this is most likely a problem with the db-pinger package,
23 error not with npm itself.
23 error Tell the author that this fails on your system:
23 error     NODE_ENV=development webpack --watch --webpack-dev-server --watch-poll --inline --devtool eval --progress --colors --hot --content-base
23 error You can get information on how to open an issue for this project with:
23 error     npm bugs db-pinger
23 error Or if that isn't available, you can get their info via:
23 error     npm owner ls db-pinger
23 error There is likely additional logging output above.
24 verbose exit [ 1, true ]
